[INFO] Scanning for projects...
[INFO] 
[INFO] --------------------------< com.tfm:backend >---------------------------
[INFO] Building backend 0.0.1-SNAPSHOT
[INFO]   from pom.xml
[INFO] --------------------------------[ jar ]---------------------------------
[INFO] 
[INFO] >>> spring-boot:3.2.3:run (default-cli) > test-compile @ backend >>>
[INFO] 
[INFO] --- resources:3.3.1:resources (default-resources) @ backend ---
[INFO] Copying 1 resource from src/main/resources to target/classes
[INFO] Copying 0 resource from src/main/resources to target/classes
[INFO] 
[INFO] --- compiler:3.11.0:compile (default-compile) @ backend ---
[INFO] Nothing to compile - all classes are up to date
[INFO] 
[INFO] --- resources:3.3.1:testResources (default-testResources) @ backend ---
[INFO] skip non existing resourceDirectory /home/jberpu/Cursos/Master IA/TFM/EnduranceCoach/backend/src/test/resources
[INFO] 
[INFO] --- compiler:3.11.0:testCompile (default-testCompile) @ backend ---
[INFO] No sources to compile
[INFO] 
[INFO] <<< spring-boot:3.2.3:run (default-cli) < test-compile @ backend <<<
[INFO] 
[INFO] 
[INFO] --- spring-boot:3.2.3:run (default-cli) @ backend ---
[INFO] Attaching agents: []

  .   ____          _            __ _ _
 /\\ / ___'_ __ _ _(_)_ __  __ _ \ \ \ \
( ( )\___ | '_ | '_| | '_ \/ _` | \ \ \ \
 \\/  ___)| |_)| | | | | || (_| |  ) ) ) )
  '  |____| .__|_| |_|_| |_\__, | / / / /
 =========|_|==============|___/=/_/_/_/
 :: Spring Boot ::                (v3.2.3)

2026-02-26T19:17:01.200+01:00  INFO 655848 --- [backend] [           main] com.tfm.backend.TfmApplication           : Starting TfmApplication using Java 21.0.10 with PID 655848 (/home/jberpu/Cursos/Master IA/TFM/EnduranceCoach/backend/target/classes started by jberpu in /home/jberpu/Cursos/Master IA/TFM/EnduranceCoach/backend)
2026-02-26T19:17:01.202+01:00  INFO 655848 --- [backend] [           main] com.tfm.backend.TfmApplication           : No active profile set, falling back to 1 default profile: "default"
2026-02-26T19:17:02.043+01:00  INFO 655848 --- [backend] [           main] .s.d.r.c.RepositoryConfigurationDelegate : Bootstrapping Spring Data JPA repositories in DEFAULT mode.
2026-02-26T19:17:02.149+01:00  INFO 655848 --- [backend] [           main] .s.d.r.c.RepositoryConfigurationDelegate : Finished Spring Data repository scanning in 101 ms. Found 4 JPA repository interfaces.
2026-02-26T19:17:02.556+01:00  INFO 655848 --- [backend] [           main] o.s.b.w.embedded.tomcat.TomcatWebServer  : Tomcat initialized with port 8080 (http)
2026-02-26T19:17:02.567+01:00  INFO 655848 --- [backend] [           main] o.apache.catalina.core.StandardService   : Starting service [Tomcat]
2026-02-26T19:17:02.567+01:00  INFO 655848 --- [backend] [           main] o.apache.catalina.core.StandardEngine    : Starting Servlet engine: [Apache Tomcat/10.1.19]
2026-02-26T19:17:02.608+01:00  INFO 655848 --- [backend] [           main] o.a.c.c.C.[Tomcat].[localhost].[/]       : Initializing Spring embedded WebApplicationContext
2026-02-26T19:17:02.609+01:00  INFO 655848 --- [backend] [           main] w.s.c.ServletWebServerApplicationContext : Root WebApplicationContext: initialization completed in 1233 ms
2026-02-26T19:17:02.711+01:00  INFO 655848 --- [backend] [           main] o.hibernate.jpa.internal.util.LogHelper  : HHH000204: Processing PersistenceUnitInfo [name: default]
2026-02-26T19:17:02.748+01:00  INFO 655848 --- [backend] [           main] org.hibernate.Version                    : HHH000412: Hibernate ORM core version 6.4.4.Final
2026-02-26T19:17:02.769+01:00  INFO 655848 --- [backend] [           main] o.h.c.internal.RegionFactoryInitiator    : HHH000026: Second-level cache disabled
2026-02-26T19:17:02.965+01:00  INFO 655848 --- [backend] [           main] o.s.o.j.p.SpringPersistenceUnitInfo      : No LoadTimeWeaver setup: ignoring JPA class transformer
2026-02-26T19:17:02.985+01:00  INFO 655848 --- [backend] [           main] com.zaxxer.hikari.HikariDataSource       : HikariPool-1 - Starting...
2026-02-26T19:17:03.105+01:00  INFO 655848 --- [backend] [           main] com.zaxxer.hikari.pool.HikariPool        : HikariPool-1 - Added connection org.postgresql.jdbc.PgConnection@762da62b
2026-02-26T19:17:03.106+01:00  INFO 655848 --- [backend] [           main] com.zaxxer.hikari.HikariDataSource       : HikariPool-1 - Start completed.
2026-02-26T19:17:03.127+01:00  WARN 655848 --- [backend] [           main] org.hibernate.orm.deprecation            : HHH90000025: PostgreSQLDialect does not need to be specified explicitly using 'hibernate.dialect' (remove the property setting and it will be selected by default)
2026-02-26T19:17:03.825+01:00  INFO 655848 --- [backend] [           main] o.h.e.t.j.p.i.JtaPlatformInitiator       : HHH000489: No JTA platform available (set 'hibernate.transaction.jta.platform' to enable JTA platform integration)
2026-02-26T19:17:03.922+01:00  INFO 655848 --- [backend] [           main] j.LocalContainerEntityManagerFactoryBean : Initialized JPA EntityManagerFactory for persistence unit 'default'
2026-02-26T19:17:04.661+01:00  WARN 655848 --- [backend] [           main] JpaBaseConfiguration$JpaWebConfiguration : spring.jpa.open-in-view is enabled by default. Therefore, database queries may be performed during view rendering. Explicitly configure spring.jpa.open-in-view to disable this warning
2026-02-26T19:17:04.674+01:00 TRACE 655848 --- [backend] [           main] eGlobalAuthenticationAutowiredConfigurer : Eagerly initializing {securityConfig=com.tfm.backend.config.SecurityConfig$$SpringCGLIB$$0@3dfaa1e4}
2026-02-26T19:17:04.859+01:00  INFO 655848 --- [backend] [           main] o.s.s.web.DefaultSecurityFilterChain     : Will secure any request with [org.springframework.security.web.session.DisableEncodeUrlFilter@44252e9b, org.springframework.security.web.context.request.async.WebAsyncManagerIntegrationFilter@7f88c53, org.springframework.security.web.context.SecurityContextHolderFilter@3c4940d2, org.springframework.security.web.header.HeaderWriterFilter@1872a7fe, org.springframework.web.filter.CorsFilter@788a7567, org.springframework.security.web.authentication.logout.LogoutFilter@7413c41, com.tfm.backend.security.JwtAuthenticationFilter@419ece7a, org.springframework.security.web.savedrequest.RequestCacheAwareFilter@6f55aef7, org.springframework.security.web.servletapi.SecurityContextHolderAwareRequestFilter@69c7fe78, org.springframework.security.web.authentication.AnonymousAuthenticationFilter@62672ad5, org.springframework.security.web.session.SessionManagementFilter@19beeb61, org.springframework.security.web.access.ExceptionTranslationFilter@5f59b6c5, org.springframework.security.web.access.intercept.AuthorizationFilter@2c3df478]
2026-02-26T19:17:05.215+01:00  INFO 655848 --- [backend] [           main] o.s.b.w.embedded.tomcat.TomcatWebServer  : Tomcat started on port 8080 (http) with context path ''
2026-02-26T19:17:05.224+01:00  INFO 655848 --- [backend] [           main] com.tfm.backend.TfmApplication           : Started TfmApplication in 4.323 seconds (process running for 4.597)
2026-02-26T19:17:12.917+01:00  INFO 655848 --- [backend] [nio-8080-exec-1] o.a.c.c.C.[Tomcat].[localhost].[/]       : Initializing Spring DispatcherServlet 'dispatcherServlet'
2026-02-26T19:17:12.917+01:00  INFO 655848 --- [backend] [nio-8080-exec-1] o.s.web.servlet.DispatcherServlet        : Initializing Servlet 'dispatcherServlet'
2026-02-26T19:17:12.918+01:00  INFO 655848 --- [backend] [nio-8080-exec-1] o.s.web.servlet.DispatcherServlet        : Completed initialization in 1 ms
2026-02-26T19:17:12.932+01:00 TRACE 655848 --- [backend] [nio-8080-exec-1] o.s.security.web.FilterChainProxy        : Trying to match request against DefaultSecurityFilterChain [RequestMatcher=any request, Filters=[org.springframework.security.web.session.DisableEncodeUrlFilter@44252e9b, org.springframework.security.web.context.request.async.WebAsyncManagerIntegrationFilter@7f88c53, org.springframework.security.web.context.SecurityContextHolderFilter@3c4940d2, org.springframework.security.web.header.HeaderWriterFilter@1872a7fe, org.springframework.web.filter.CorsFilter@788a7567, org.springframework.security.web.authentication.logout.LogoutFilter@7413c41, com.tfm.backend.security.JwtAuthenticationFilter@419ece7a, org.springframework.security.web.savedrequest.RequestCacheAwareFilter@6f55aef7, org.springframework.security.web.servletapi.SecurityContextHolderAwareRequestFilter@69c7fe78, org.springframework.security.web.authentication.AnonymousAuthenticationFilter@62672ad5, org.springframework.security.web.session.SessionManagementFilter@19beeb61, org.springframework.security.web.access.ExceptionTranslationFilter@5f59b6c5, org.springframework.security.web.access.intercept.AuthorizationFilter@2c3df478]] (1/1)
2026-02-26T19:17:12.933+01:00 DEBUG 655848 --- [backend] [nio-8080-exec-1] o.s.security.web.FilterChainProxy        : Securing POST /api/auth/register
2026-02-26T19:17:12.933+01:00 TRACE 655848 --- [backend] [nio-8080-exec-1] o.s.security.web.FilterChainProxy        : Invoking DisableEncodeUrlFilter (1/13)
2026-02-26T19:17:12.934+01:00 TRACE 655848 --- [backend] [nio-8080-exec-1] o.s.security.web.FilterChainProxy        : Invoking WebAsyncManagerIntegrationFilter (2/13)
2026-02-26T19:17:12.935+01:00 TRACE 655848 --- [backend] [nio-8080-exec-1] o.s.security.web.FilterChainProxy        : Invoking SecurityContextHolderFilter (3/13)
2026-02-26T19:17:12.937+01:00 TRACE 655848 --- [backend] [nio-8080-exec-1] o.s.security.web.FilterChainProxy        : Invoking HeaderWriterFilter (4/13)
2026-02-26T19:17:12.938+01:00 TRACE 655848 --- [backend] [nio-8080-exec-1] o.s.security.web.FilterChainProxy        : Invoking CorsFilter (5/13)
2026-02-26T19:17:12.939+01:00 TRACE 655848 --- [backend] [nio-8080-exec-1] o.s.security.web.FilterChainProxy        : Invoking LogoutFilter (6/13)
2026-02-26T19:17:12.940+01:00 TRACE 655848 --- [backend] [nio-8080-exec-1] o.s.s.w.a.logout.LogoutFilter            : Did not match request to Or [Ant [pattern='/logout', GET], Ant [pattern='/logout', POST], Ant [pattern='/logout', PUT], Ant [pattern='/logout', DELETE]]
2026-02-26T19:17:12.940+01:00 TRACE 655848 --- [backend] [nio-8080-exec-1] o.s.security.web.FilterChainProxy        : Invoking JwtAuthenticationFilter (7/13)
2026-02-26T19:17:12.940+01:00 TRACE 655848 --- [backend] [nio-8080-exec-1] o.s.security.web.FilterChainProxy        : Invoking RequestCacheAwareFilter (8/13)
2026-02-26T19:17:12.940+01:00 TRACE 655848 --- [backend] [nio-8080-exec-1] o.s.security.web.FilterChainProxy        : Invoking SecurityContextHolderAwareRequestFilter (9/13)
2026-02-26T19:17:12.941+01:00 TRACE 655848 --- [backend] [nio-8080-exec-1] o.s.security.web.FilterChainProxy        : Invoking AnonymousAuthenticationFilter (10/13)
2026-02-26T19:17:12.942+01:00 TRACE 655848 --- [backend] [nio-8080-exec-1] o.s.security.web.FilterChainProxy        : Invoking SessionManagementFilter (11/13)
2026-02-26T19:17:12.942+01:00 TRACE 655848 --- [backend] [nio-8080-exec-1] .s.s.w.c.SupplierDeferredSecurityContext : Created SecurityContextImpl [Null authentication]
2026-02-26T19:17:12.943+01:00 TRACE 655848 --- [backend] [nio-8080-exec-1] o.s.s.w.a.AnonymousAuthenticationFilter  : Set SecurityContextHolder to AnonymousAuthenticationToken [Principal=anonymousUser, Credentials=[PROTECTED], Authenticated=true, Details=WebAuthenticationDetails [RemoteIpAddress=0:0:0:0:0:0:0:1, SessionId=null], Granted Authorities=[ROLE_ANONYMOUS]]
2026-02-26T19:17:12.944+01:00 TRACE 655848 --- [backend] [nio-8080-exec-1] o.s.security.web.FilterChainProxy        : Invoking ExceptionTranslationFilter (12/13)
2026-02-26T19:17:12.944+01:00 TRACE 655848 --- [backend] [nio-8080-exec-1] o.s.security.web.FilterChainProxy        : Invoking AuthorizationFilter (13/13)
2026-02-26T19:17:12.944+01:00 TRACE 655848 --- [backend] [nio-8080-exec-1] estMatcherDelegatingAuthorizationManager : Authorizing SecurityContextHolderAwareRequestWrapper[ org.springframework.security.web.header.HeaderWriterFilter$HeaderWriterRequest@21d2a0bb]
2026-02-26T19:17:12.945+01:00 TRACE 655848 --- [backend] [nio-8080-exec-1] estMatcherDelegatingAuthorizationManager : Checking authorization on SecurityContextHolderAwareRequestWrapper[ org.springframework.security.web.header.HeaderWriterFilter$HeaderWriterRequest@21d2a0bb] using org.springframework.security.config.annotation.web.configurers.AuthorizeHttpRequestsConfigurer$$Lambda/0x00007fd4b49a90e8@a3a1279
2026-02-26T19:17:12.945+01:00 DEBUG 655848 --- [backend] [nio-8080-exec-1] o.s.security.web.FilterChainProxy        : Secured POST /api/auth/register
Hibernate: insert into users (created_at,email,password,role,username) values (?,?,?,?,?)
2026-02-26T19:17:13.182+01:00 TRACE 655848 --- [backend] [nio-8080-exec-1] o.s.s.w.header.writers.HstsHeaderWriter  : Not injecting HSTS header since it did not match request to [Is Secure]
[INFO] ------------------------------------------------------------------------
[INFO] BUILD FAILURE
[INFO] ------------------------------------------------------------------------
[INFO] Total time:  34.771 s
[INFO] Finished at: 2026-02-26T19:17:34+01:00
[INFO] ------------------------------------------------------------------------
[ERROR] Failed to execute goal org.springframework.boot:spring-boot-maven-plugin:3.2.3:run (default-cli) on project backend: Process terminated with exit code: 137 -> [Help 1]
[ERROR] 
[ERROR] To see the full stack trace of the errors, re-run Maven with the -e switch.
[ERROR] Re-run Maven using the -X switch to enable full debug logging.
[ERROR] 
[ERROR] For more information about the errors and possible solutions, please read the following articles:
[ERROR] [Help 1] http://cwiki.apache.org/confluence/display/MAVEN/MojoExecutionException
